2022-06-26 15:56:40,293 - Log4JLogChute initialized using file 'target\velocity.log'
2022-06-26 15:56:40,293 - Initializing Velocity, Calling init()...
2022-06-26 15:56:40,293 - Starting Apache Velocity v1.7 (compiled: 2010-11-19 12:14:37)
2022-06-26 15:56:40,293 - Default Properties File: org\apache\velocity\runtime\defaults\velocity.properties
2022-06-26 15:56:40,293 - Trying to use logger class org.apache.velocity.runtime.log.AvalonLogChute
2022-06-26 15:56:40,293 - Target log system for org.apache.velocity.runtime.log.AvalonLogChute is not available (java.lang.NoClassDefFoundError: org/apache/log/format/Formatter).  Falling back to next log system...
2022-06-26 15:56:40,293 - Trying to use logger class org.apache.velocity.runtime.log.Log4JLogChute
2022-06-26 15:56:40,296 - Using logger class org.apache.velocity.runtime.log.Log4JLogChute
2022-06-26 15:56:40,297 - ResourceLoader instantiated: org.apache.velocity.runtime.resource.loader.ClasspathResourceLoader
2022-06-26 15:56:40,308 - ResourceCache: initialized (class org.apache.velocity.runtime.resource.ResourceCacheImpl) with class java.util.Collections$SynchronizedMap cache map.
2022-06-26 15:56:40,310 - Loaded System Directive: org.apache.velocity.runtime.directive.Stop
2022-06-26 15:56:40,311 - Loaded System Directive: org.apache.velocity.runtime.directive.Define
2022-06-26 15:56:40,311 - Loaded System Directive: org.apache.velocity.runtime.directive.Break
2022-06-26 15:56:40,312 - Loaded System Directive: org.apache.velocity.runtime.directive.Evaluate
2022-06-26 15:56:40,312 - Loaded System Directive: org.apache.velocity.runtime.directive.Literal
2022-06-26 15:56:40,313 - Loaded System Directive: org.apache.velocity.runtime.directive.Macro
2022-06-26 15:56:40,314 - Loaded System Directive: org.apache.velocity.runtime.directive.Parse
2022-06-26 15:56:40,314 - Loaded System Directive: org.apache.velocity.runtime.directive.Include
2022-06-26 15:56:40,315 - Loaded System Directive: org.apache.velocity.runtime.directive.Foreach
2022-06-26 15:56:40,338 - Created '20' parsers.
2022-06-26 15:56:40,341 - Velocimacro : "velocimacro.library" is not set.  Trying default library: VM_global_library.vm
2022-06-26 15:56:40,342 - Could not load resource 'VM_global_library.vm' from ResourceLoader org.apache.velocity.runtime.resource.loader.ClasspathResourceLoader: ClasspathResourceLoader Error: cannot find resource VM_global_library.vm
2022-06-26 15:56:40,342 - Velocimacro : Default library not found.
2022-06-26 15:56:40,342 - Velocimacro : allowInline = true : VMs can be defined inline in templates
2022-06-26 15:56:40,343 - Velocimacro : allowInlineToOverride = false : VMs defined inline may NOT replace previous VM definitions
2022-06-26 15:56:40,343 - Velocimacro : allowInlineLocal = false : VMs defined inline will be global in scope if allowed.
2022-06-26 15:56:40,343 - Velocimacro : autoload off : VM system will not automatically reload global library macros
2022-06-26 15:56:40,423 - ResourceManager : found templates/generators/errorpage.vm with loader org.apache.velocity.runtime.resource.loader.ClasspathResourceLoader
2022-06-26 15:56:40,427 - ResourceManager : found /templates/headers.vm with loader org.apache.velocity.runtime.resource.loader.ClasspathResourceLoader
2022-06-26 15:56:40,427 - ResourceManager : found /templates/head.vm with loader org.apache.velocity.runtime.resource.loader.ClasspathResourceLoader
2022-06-26 15:56:40,429 - Velocimacro : added VM stringArray: source=/templates/macros/array.js.vm
2022-06-26 15:56:40,430 - Velocimacro : added VM numberArray: source=/templates/macros/array.js.vm
2022-06-26 15:56:40,430 - ResourceManager : found /templates/macros/array.js.vm with loader org.apache.velocity.runtime.resource.loader.ClasspathResourceLoader
2022-06-26 15:56:40,431 - Velocimacro : added VM includeBuildInfo: source=/templates/macros/page/buildinfo.vm
2022-06-26 15:56:40,431 - ResourceManager : found /templates/macros/page/buildinfo.vm with loader org.apache.velocity.runtime.resource.loader.ClasspathResourceLoader
2022-06-26 15:56:40,434 - Velocimacro : added VM includeClassifications: source=/templates/macros/page/classifications.vm
2022-06-26 15:56:40,434 - ResourceManager : found /templates/macros/page/classifications.vm with loader org.apache.velocity.runtime.resource.loader.ClasspathResourceLoader
2022-06-26 15:56:40,435 - Velocimacro : added VM includeLead: source=/templates/macros/page/lead.vm
2022-06-26 15:56:40,435 - ResourceManager : found /templates/macros/page/lead.vm with loader org.apache.velocity.runtime.resource.loader.ClasspathResourceLoader
2022-06-26 15:56:40,437 - Velocimacro : added VM includeNavigation: source=/templates/macros/page/navigation.vm
2022-06-26 15:56:40,437 - ResourceManager : found /templates/macros/page/navigation.vm with loader org.apache.velocity.runtime.resource.loader.ClasspathResourceLoader
2022-06-26 15:56:40,439 - Velocimacro : added VM includeReportInfo: source=/templates/macros/page/reportInfo.vm
2022-06-26 15:56:40,439 - ResourceManager : found /templates/macros/page/reportInfo.vm with loader org.apache.velocity.runtime.resource.loader.ClasspathResourceLoader
2022-06-26 15:56:40,441 - Velocimacro : added VM includeTitle: source=/templates/macros/page/title.vm
2022-06-26 15:56:40,441 - ResourceManager : found /templates/macros/page/title.vm with loader org.apache.velocity.runtime.resource.loader.ClasspathResourceLoader
2022-06-26 15:56:40,442 - Velocimacro : added VM includeExpandingButtons: source=/templates/macros/report/expandAllButtons.vm
2022-06-26 15:56:40,442 - ResourceManager : found /templates/macros/report/expandAllButtons.vm with loader org.apache.velocity.runtime.resource.loader.ClasspathResourceLoader
2022-06-26 15:56:40,446 - Velocimacro : added VM includeReportTable: source=/templates/macros/report/reportTable.vm
2022-06-26 15:56:40,446 - ResourceManager : found /templates/macros/report/reportTable.vm with loader org.apache.velocity.runtime.resource.loader.ClasspathResourceLoader
2022-06-26 15:56:40,448 - Velocimacro : added VM includeReportHeader: source=/templates/macros/report/reportHeader.vm
2022-06-26 15:56:40,448 - ResourceManager : found /templates/macros/report/reportHeader.vm with loader org.apache.velocity.runtime.resource.loader.ClasspathResourceLoader
2022-06-26 15:56:40,451 - Velocimacro : added VM includeStatsTable: source=/templates/macros/report/statsTable.vm
2022-06-26 15:56:40,451 - ResourceManager : found /templates/macros/report/statsTable.vm with loader org.apache.velocity.runtime.resource.loader.ClasspathResourceLoader
2022-06-26 15:56:40,452 - Velocimacro : added VM includeBrief: source=/templates/macros/json/brief.vm
2022-06-26 15:56:40,452 - ResourceManager : found /templates/macros/json/brief.vm with loader org.apache.velocity.runtime.resource.loader.ClasspathResourceLoader
2022-06-26 15:56:40,453 - Velocimacro : added VM includeDocString: source=/templates/macros/json/docstring.vm
2022-06-26 15:56:40,453 - ResourceManager : found /templates/macros/json/docstring.vm with loader org.apache.velocity.runtime.resource.loader.ClasspathResourceLoader
2022-06-26 15:56:40,454 - Velocimacro : added VM includeDuration: source=/templates/macros/json/duration.vm
2022-06-26 15:56:40,454 - ResourceManager : found /templates/macros/json/duration.vm with loader org.apache.velocity.runtime.resource.loader.ClasspathResourceLoader
2022-06-26 15:56:40,457 - Velocimacro : added VM includeElement: source=/templates/macros/json/element.vm
2022-06-26 15:56:40,457 - ResourceManager : found /templates/macros/json/element.vm with loader org.apache.velocity.runtime.resource.loader.ClasspathResourceLoader
2022-06-26 15:56:40,466 - Velocimacro : added VM includeEmbeddings: source=/templates/macros/json/embeddings.vm
2022-06-26 15:56:40,467 - Velocimacro : added VM includeHtmlEmbedding: source=/templates/macros/json/embeddings.vm
2022-06-26 15:56:40,467 - Velocimacro : added VM includeVideoEmbedding: source=/templates/macros/json/embeddings.vm
2022-06-26 15:56:40,467 - Velocimacro : added VM includeImageEmbedding: source=/templates/macros/json/embeddings.vm
2022-06-26 15:56:40,467 - Velocimacro : added VM includeImageReferenceEmbedding: source=/templates/macros/json/embeddings.vm
2022-06-26 15:56:40,467 - Velocimacro : added VM includeTextEmbedding: source=/templates/macros/json/embeddings.vm
2022-06-26 15:56:40,468 - Velocimacro : added VM includeUnknownEmbedding: source=/templates/macros/json/embeddings.vm
2022-06-26 15:56:40,468 - ResourceManager : found /templates/macros/json/embeddings.vm with loader org.apache.velocity.runtime.resource.loader.ClasspathResourceLoader
2022-06-26 15:56:40,470 - Velocimacro : added VM includeHooks: source=/templates/macros/json/hooks.vm
2022-06-26 15:56:40,470 - ResourceManager : found /templates/macros/json/hooks.vm with loader org.apache.velocity.runtime.resource.loader.ClasspathResourceLoader
2022-06-26 15:56:40,472 - Velocimacro : added VM includeOutput: source=/templates/macros/json/output.vm
2022-06-26 15:56:40,472 - ResourceManager : found /templates/macros/json/output.vm with loader org.apache.velocity.runtime.resource.loader.ClasspathResourceLoader
2022-06-26 15:56:40,473 - Velocimacro : added VM includeMessage: source=/templates/macros/json/message.vm
2022-06-26 15:56:40,473 - ResourceManager : found /templates/macros/json/message.vm with loader org.apache.velocity.runtime.resource.loader.ClasspathResourceLoader
2022-06-26 15:56:40,476 - Velocimacro : added VM includeSteps: source=/templates/macros/json/steps.vm
2022-06-26 15:56:40,476 - ResourceManager : found /templates/macros/json/steps.vm with loader org.apache.velocity.runtime.resource.loader.ClasspathResourceLoader
2022-06-26 15:56:40,476 - Velocimacro : added VM includeStepName: source=/templates/macros/json/stepName.vm
2022-06-26 15:56:40,477 - ResourceManager : found /templates/macros/json/stepName.vm with loader org.apache.velocity.runtime.resource.loader.ClasspathResourceLoader
2022-06-26 15:56:40,477 - Velocimacro : added VM includeTags: source=/templates/macros/json/tags.vm
2022-06-26 15:56:40,478 - ResourceManager : found /templates/macros/json/tags.vm with loader org.apache.velocity.runtime.resource.loader.ClasspathResourceLoader
2022-06-26 15:56:40,485 - VM #includeNavigation: too few arguments to macro. Wanted 1 got 0
2022-06-26 15:56:40,486 - Left side ($active_tab) of '==' operation has null value. If it is a reference, it may not be in the context or its toString() returned null. /templates/macros/page/navigation.vm[line 14, column 51]
2022-06-26 15:56:40,487 - Left side ($active_tab) of '==' operation has null value. If it is a reference, it may not be in the context or its toString() returned null. /templates/macros/page/navigation.vm[line 15, column 51]
2022-06-26 15:56:40,487 - Left side ($active_tab) of '==' operation has null value. If it is a reference, it may not be in the context or its toString() returned null. /templates/macros/page/navigation.vm[line 16, column 51]
2022-06-26 15:56:40,487 - Left side ($active_tab) of '==' operation has null value. If it is a reference, it may not be in the context or its toString() returned null. /templates/macros/page/navigation.vm[line 20, column 51]
2022-06-26 15:56:40,506 - ResourceManager : found /templates/footer.vm with loader org.apache.velocity.runtime.resource.loader.ClasspathResourceLoader
2022-06-26 15:57:15,398 - Log4JLogChute initialized using file 'target\velocity.log'
2022-06-26 15:57:15,398 - Initializing Velocity, Calling init()...
2022-06-26 15:57:15,398 - Starting Apache Velocity v1.7 (compiled: 2010-11-19 12:14:37)
2022-06-26 15:57:15,398 - Default Properties File: org\apache\velocity\runtime\defaults\velocity.properties
2022-06-26 15:57:15,398 - Trying to use logger class org.apache.velocity.runtime.log.AvalonLogChute
2022-06-26 15:57:15,398 - Target log system for org.apache.velocity.runtime.log.AvalonLogChute is not available (java.lang.NoClassDefFoundError: org/apache/log/format/Formatter).  Falling back to next log system...
2022-06-26 15:57:15,398 - Trying to use logger class org.apache.velocity.runtime.log.Log4JLogChute
2022-06-26 15:57:15,398 - Using logger class org.apache.velocity.runtime.log.Log4JLogChute
2022-06-26 15:57:15,400 - ResourceLoader instantiated: org.apache.velocity.runtime.resource.loader.ClasspathResourceLoader
2022-06-26 15:57:15,410 - ResourceCache: initialized (class org.apache.velocity.runtime.resource.ResourceCacheImpl) with class java.util.Collections$SynchronizedMap cache map.
2022-06-26 15:57:15,411 - Loaded System Directive: org.apache.velocity.runtime.directive.Stop
2022-06-26 15:57:15,412 - Loaded System Directive: org.apache.velocity.runtime.directive.Define
2022-06-26 15:57:15,413 - Loaded System Directive: org.apache.velocity.runtime.directive.Break
2022-06-26 15:57:15,413 - Loaded System Directive: org.apache.velocity.runtime.directive.Evaluate
2022-06-26 15:57:15,414 - Loaded System Directive: org.apache.velocity.runtime.directive.Literal
2022-06-26 15:57:15,414 - Loaded System Directive: org.apache.velocity.runtime.directive.Macro
2022-06-26 15:57:15,415 - Loaded System Directive: org.apache.velocity.runtime.directive.Parse
2022-06-26 15:57:15,416 - Loaded System Directive: org.apache.velocity.runtime.directive.Include
2022-06-26 15:57:15,417 - Loaded System Directive: org.apache.velocity.runtime.directive.Foreach
2022-06-26 15:57:15,439 - Created '20' parsers.
2022-06-26 15:57:15,444 - Velocimacro : "velocimacro.library" is not set.  Trying default library: VM_global_library.vm
2022-06-26 15:57:15,444 - Could not load resource 'VM_global_library.vm' from ResourceLoader org.apache.velocity.runtime.resource.loader.ClasspathResourceLoader: ClasspathResourceLoader Error: cannot find resource VM_global_library.vm
2022-06-26 15:57:15,444 - Velocimacro : Default library not found.
2022-06-26 15:57:15,444 - Velocimacro : allowInline = true : VMs can be defined inline in templates
2022-06-26 15:57:15,444 - Velocimacro : allowInlineToOverride = false : VMs defined inline may NOT replace previous VM definitions
2022-06-26 15:57:15,444 - Velocimacro : allowInlineLocal = false : VMs defined inline will be global in scope if allowed.
2022-06-26 15:57:15,444 - Velocimacro : autoload off : VM system will not automatically reload global library macros
2022-06-26 15:57:15,534 - ResourceManager : found templates/generators/errorpage.vm with loader org.apache.velocity.runtime.resource.loader.ClasspathResourceLoader
2022-06-26 15:57:15,537 - ResourceManager : found /templates/headers.vm with loader org.apache.velocity.runtime.resource.loader.ClasspathResourceLoader
2022-06-26 15:57:15,538 - ResourceManager : found /templates/head.vm with loader org.apache.velocity.runtime.resource.loader.ClasspathResourceLoader
2022-06-26 15:57:15,540 - Velocimacro : added VM stringArray: source=/templates/macros/array.js.vm
2022-06-26 15:57:15,540 - Velocimacro : added VM numberArray: source=/templates/macros/array.js.vm
2022-06-26 15:57:15,540 - ResourceManager : found /templates/macros/array.js.vm with loader org.apache.velocity.runtime.resource.loader.ClasspathResourceLoader
2022-06-26 15:57:15,542 - Velocimacro : added VM includeBuildInfo: source=/templates/macros/page/buildinfo.vm
2022-06-26 15:57:15,542 - ResourceManager : found /templates/macros/page/buildinfo.vm with loader org.apache.velocity.runtime.resource.loader.ClasspathResourceLoader
2022-06-26 15:57:15,546 - Velocimacro : added VM includeClassifications: source=/templates/macros/page/classifications.vm
2022-06-26 15:57:15,546 - ResourceManager : found /templates/macros/page/classifications.vm with loader org.apache.velocity.runtime.resource.loader.ClasspathResourceLoader
2022-06-26 15:57:15,547 - Velocimacro : added VM includeLead: source=/templates/macros/page/lead.vm
2022-06-26 15:57:15,547 - ResourceManager : found /templates/macros/page/lead.vm with loader org.apache.velocity.runtime.resource.loader.ClasspathResourceLoader
2022-06-26 15:57:15,550 - Velocimacro : added VM includeNavigation: source=/templates/macros/page/navigation.vm
2022-06-26 15:57:15,550 - ResourceManager : found /templates/macros/page/navigation.vm with loader org.apache.velocity.runtime.resource.loader.ClasspathResourceLoader
2022-06-26 15:57:15,552 - Velocimacro : added VM includeReportInfo: source=/templates/macros/page/reportInfo.vm
2022-06-26 15:57:15,552 - ResourceManager : found /templates/macros/page/reportInfo.vm with loader org.apache.velocity.runtime.resource.loader.ClasspathResourceLoader
2022-06-26 15:57:15,553 - Velocimacro : added VM includeTitle: source=/templates/macros/page/title.vm
2022-06-26 15:57:15,554 - ResourceManager : found /templates/macros/page/title.vm with loader org.apache.velocity.runtime.resource.loader.ClasspathResourceLoader
2022-06-26 15:57:15,554 - Velocimacro : added VM includeExpandingButtons: source=/templates/macros/report/expandAllButtons.vm
2022-06-26 15:57:15,555 - ResourceManager : found /templates/macros/report/expandAllButtons.vm with loader org.apache.velocity.runtime.resource.loader.ClasspathResourceLoader
2022-06-26 15:57:15,558 - Velocimacro : added VM includeReportTable: source=/templates/macros/report/reportTable.vm
2022-06-26 15:57:15,559 - ResourceManager : found /templates/macros/report/reportTable.vm with loader org.apache.velocity.runtime.resource.loader.ClasspathResourceLoader
2022-06-26 15:57:15,560 - Velocimacro : added VM includeReportHeader: source=/templates/macros/report/reportHeader.vm
2022-06-26 15:57:15,560 - ResourceManager : found /templates/macros/report/reportHeader.vm with loader org.apache.velocity.runtime.resource.loader.ClasspathResourceLoader
2022-06-26 15:57:15,566 - Velocimacro : added VM includeStatsTable: source=/templates/macros/report/statsTable.vm
2022-06-26 15:57:15,566 - ResourceManager : found /templates/macros/report/statsTable.vm with loader org.apache.velocity.runtime.resource.loader.ClasspathResourceLoader
2022-06-26 15:57:15,567 - Velocimacro : added VM includeBrief: source=/templates/macros/json/brief.vm
2022-06-26 15:57:15,567 - ResourceManager : found /templates/macros/json/brief.vm with loader org.apache.velocity.runtime.resource.loader.ClasspathResourceLoader
2022-06-26 15:57:15,568 - Velocimacro : added VM includeDocString: source=/templates/macros/json/docstring.vm
2022-06-26 15:57:15,568 - ResourceManager : found /templates/macros/json/docstring.vm with loader org.apache.velocity.runtime.resource.loader.ClasspathResourceLoader
2022-06-26 15:57:15,569 - Velocimacro : added VM includeDuration: source=/templates/macros/json/duration.vm
2022-06-26 15:57:15,569 - ResourceManager : found /templates/macros/json/duration.vm with loader org.apache.velocity.runtime.resource.loader.ClasspathResourceLoader
2022-06-26 15:57:15,572 - Velocimacro : added VM includeElement: source=/templates/macros/json/element.vm
2022-06-26 15:57:15,572 - ResourceManager : found /templates/macros/json/element.vm with loader org.apache.velocity.runtime.resource.loader.ClasspathResourceLoader
2022-06-26 15:57:15,580 - Velocimacro : added VM includeEmbeddings: source=/templates/macros/json/embeddings.vm
2022-06-26 15:57:15,580 - Velocimacro : added VM includeHtmlEmbedding: source=/templates/macros/json/embeddings.vm
2022-06-26 15:57:15,580 - Velocimacro : added VM includeVideoEmbedding: source=/templates/macros/json/embeddings.vm
2022-06-26 15:57:15,581 - Velocimacro : added VM includeImageEmbedding: source=/templates/macros/json/embeddings.vm
2022-06-26 15:57:15,581 - Velocimacro : added VM includeImageReferenceEmbedding: source=/templates/macros/json/embeddings.vm
2022-06-26 15:57:15,581 - Velocimacro : added VM includeTextEmbedding: source=/templates/macros/json/embeddings.vm
2022-06-26 15:57:15,581 - Velocimacro : added VM includeUnknownEmbedding: source=/templates/macros/json/embeddings.vm
2022-06-26 15:57:15,581 - ResourceManager : found /templates/macros/json/embeddings.vm with loader org.apache.velocity.runtime.resource.loader.ClasspathResourceLoader
2022-06-26 15:57:15,583 - Velocimacro : added VM includeHooks: source=/templates/macros/json/hooks.vm
2022-06-26 15:57:15,583 - ResourceManager : found /templates/macros/json/hooks.vm with loader org.apache.velocity.runtime.resource.loader.ClasspathResourceLoader
2022-06-26 15:57:15,586 - Velocimacro : added VM includeOutput: source=/templates/macros/json/output.vm
2022-06-26 15:57:15,586 - ResourceManager : found /templates/macros/json/output.vm with loader org.apache.velocity.runtime.resource.loader.ClasspathResourceLoader
2022-06-26 15:57:15,587 - Velocimacro : added VM includeMessage: source=/templates/macros/json/message.vm
2022-06-26 15:57:15,587 - ResourceManager : found /templates/macros/json/message.vm with loader org.apache.velocity.runtime.resource.loader.ClasspathResourceLoader
2022-06-26 15:57:15,588 - Velocimacro : added VM includeSteps: source=/templates/macros/json/steps.vm
2022-06-26 15:57:15,588 - ResourceManager : found /templates/macros/json/steps.vm with loader org.apache.velocity.runtime.resource.loader.ClasspathResourceLoader
2022-06-26 15:57:15,589 - Velocimacro : added VM includeStepName: source=/templates/macros/json/stepName.vm
2022-06-26 15:57:15,589 - ResourceManager : found /templates/macros/json/stepName.vm with loader org.apache.velocity.runtime.resource.loader.ClasspathResourceLoader
2022-06-26 15:57:15,590 - Velocimacro : added VM includeTags: source=/templates/macros/json/tags.vm
2022-06-26 15:57:15,590 - ResourceManager : found /templates/macros/json/tags.vm with loader org.apache.velocity.runtime.resource.loader.ClasspathResourceLoader
2022-06-26 15:57:15,598 - VM #includeNavigation: too few arguments to macro. Wanted 1 got 0
2022-06-26 15:57:15,600 - Left side ($active_tab) of '==' operation has null value. If it is a reference, it may not be in the context or its toString() returned null. /templates/macros/page/navigation.vm[line 14, column 51]
2022-06-26 15:57:15,600 - Left side ($active_tab) of '==' operation has null value. If it is a reference, it may not be in the context or its toString() returned null. /templates/macros/page/navigation.vm[line 15, column 51]
2022-06-26 15:57:15,600 - Left side ($active_tab) of '==' operation has null value. If it is a reference, it may not be in the context or its toString() returned null. /templates/macros/page/navigation.vm[line 16, column 51]
2022-06-26 15:57:15,600 - Left side ($active_tab) of '==' operation has null value. If it is a reference, it may not be in the context or its toString() returned null. /templates/macros/page/navigation.vm[line 20, column 51]
2022-06-26 15:57:15,616 - ResourceManager : found /templates/footer.vm with loader org.apache.velocity.runtime.resource.loader.ClasspathResourceLoader
